<?xml version="1.0" encoding="UTF-8"?>
<!-- Generated by org.testng.reporters.JUnitReportReporter -->
<testsuite hostname="DESKTOP-IPL039H" failures="0" tests="2" name="TestRunner.GreenKartHomeRunner" time="26.232" errors="0" timestamp="2024-10-06T11:57:06 IST" skipped="0">
  <testcase classname="TestRunner.GreenKartHomeRunner" name="runScenario" time="13.437"/>
  <testcase classname="TestRunner.GreenKartHomeRunner" name="runScenario" time="12.795"/>
</testsuite> <!-- TestRunner.GreenKartHomeRunner -->
